[2025-01-27 21:45:02.266] [DEBUG] Processing message type: latest_messages_response
[2025-01-27 21:45:02.266] [WARNING] Received unknown message type: latest_messages_response
[2025-01-27 21:45:02.266] [INFO] ChatWindow::onMessageReceived - Received message type: latest_messages_response
[2025-01-27 21:45:02.275] [INFO] Processing JSON: {
    "status": "success",
    "timestamp": 1738010702259,
    "type": "message_read_response"
}
[2025-01-27 21:45:02.275] [DEBUG] Processing message type: message_read_response
[2025-01-27 21:45:02.275] [WARNING] Received unknown message type: message_read_response
[2025-01-27 21:45:02.275] [INFO] ChatWindow::onMessageReceived - Received message type: message_read_response
[2025-01-27 21:45:03.833] [INFO] Sending message: {"friend_id":2,"offset":20,"type":"get_more_history"}

[2025-01-27 21:45:03.835] [INFO] Processing JSON: {
    "has_more": true,
    "messages": [
        {
            "content": "Wiadomość nr 30 od test2 do test1",
            "isRead": true,
            "sender": "test2",
            "timestamp": "2025-01-27T21:41:28"
        },
        {
            "content": "Wiadomość nr 29 od test2 do test1",
            "isRead": true,
            "sender": "test2",
            "timestamp": "2025-01-27T21:41:28"
        },
        {
            "content": "Wiadomość nr 28 od test2 do test1",
            "isRead": true,
            "sender": "test2",
            "timestamp": "2025-01-27T21:41:28"
        },
        {
            "content": "Wiadomość nr 27 od test2 do test1",
            "isRead": true,
            "sender": "test2",
            "timestamp": "2025-01-27T21:41:28"
        },
        {
            "content": "Wiadomość nr 26 od test2 do test1",
            "isRead": true,
            "sender": "test2",
            "timestamp": "2025-01-27T21:41:28"
        },
        {
            "content": "Wiadomość nr 25 od test2 do test1",
            "isRead": true,
            "sender": "test2",
            "timestamp": "2025-01-27T21:41:28"
        },
        {
            "content": "Wiadomość nr 24 od test2 do test1",
            "isRead": true,
            "sender": "test2",
            "timestamp": "2025-01-27T21:41:28"
        },
        {
            "content": "Wiadomość nr 23 od test2 do test1",
            "isRead": true,
            "sender": "test2",
            "timestamp": "2025-01-27T21:41:28"
        },
        {
            "content": "Wiadomość nr 22 od test2 do test1",
            "isRead": true,
            "sender": "test2",
            "timestamp": "2025-01-27T21:41:28"
        },
        {
            "content": "Wiadomość nr 21 od test2 do test1",
            "isRead": true,
            "sender": "test2",
            "timestamp": "2025-01-27T21:41:28"
        },
        {
            "content": "Wiadomość nr 20 od test2 do test1",
            "isRead": true,
            "sender": "test2",
            "timestamp": "2025-01-27T21:41:28"
        },
        {
            "content": "Wiadomość nr 19 od test2 do test1",
            "isRead": true,
            "sender": "test2",
            "timestamp": "2025-01-27T21:41:28"
        },
        {
            "content": "Wiadomość nr 18 od test2 do test1",
            "isRead": true,
            "sender": "test2",
            "timestamp": "2025-01-27T21:41:28"
        },
        {
            "content": "Wiadomość nr 17 od test2 do test1",
            "isRead": true,
            "sender": "test2",
            "timestamp": "2025-01-27T21:41:28"
        },
        {
            "content": "Wiadomość nr 16 od test2 do test1",
            "isRead": true,
            "sender": "test2",
            "timestamp": "2025-01-27T21:41:28"
        },
        {
            "content": "Wiadomość nr 15 od test2 do test1",
            "isRead": true,
            "sender": "test2",
            "timestamp": "2025-01-27T21:41:28"
        },
        {
            "content": "Wiadomość nr 14 od test2 do test1",
            "isRead": true,
            "sender": "test2",
            "timestamp": "2025-01-27T21:41:28"
        },
        {
            "content": "Wiadomość nr 13 od test2 do test1",
            "isRead": true,
            "sender": "test2",
            "timestamp": "2025-01-27T21:41:28"
        },
        {
            "content": "Wiadomość nr 12 od test2 do test1",
            "isRead": true,
            "sender": "test2",
            "timestamp": "2025-01-27T21:41:28"
        },
        {
            "content": "Wiadomość nr 11 od test2 do test1",
            "isRead": true,
            "sender": "test2",
            "timestamp": "2025-01-27T21:41:28"
        }
    ],
    "offset": 20,
    "type": "more_history_response"
}
[2025-01-27 21:45:03.835] [DEBUG] Processing message type: more_history_response
[2025-01-27 21:45:03.835] [WARNING] Received unknown message type: more_history_response
[2025-01-27 21:45:03.835] [INFO] ChatWindow::onMessageReceived - Received message type: more_history_response
[2025-01-27 21:45:03.840] [INFO] Sending message: {"friend_id":2,"offset":40,"type":"get_more_history"}

[2025-01-27 21:45:03.842] [INFO] Processing JSON: {
    "has_more": true,
    "messages": [
        {
            "content": "Wiadomość nr 10 od test2 do test1",
            "isRead": true,
            "sender": "test2",
            "timestamp": "2025-01-27T21:41:28"
        },
        {
            "content": "Wiadomość nr 9 od test2 do test1",
            "isRead": true,
            "sender": "test2",
            "timestamp": "2025-01-27T21:41:28"
        },
        {
            "content": "Wiadomość nr 8 od test2 do test1",
            "isRead": true,
            "sender": "test2",
            "timestamp": "2025-01-27T21:41:28"
        },
        {
            "content": "Wiadomość nr 7 od test2 do test1",
            "isRead": true,
            "sender": "test2",
            "timestamp": "2025-01-27T21:41:28"
        },
        {
            "content": "Wiadomość nr 6 od test2 do test1",
            "isRead": true,
            "sender": "test2",
            "timestamp": "2025-01-27T21:41:28"
        },
        {
            "content": "Wiadomość nr 5 od test2 do test1",
            "isRead": true,
            "sender": "test2",
            "timestamp": "2025-01-27T21:41:28"
        },
        {
            "content": "Wiadomość nr 4 od test2 do test1",
            "isRead": true,
            "sender": "test2",
            "timestamp": "2025-01-27T21:41:28"
        },
        {
            "content": "Wiadomość nr 3 od test2 do test1",
            "isRead": true,
            "sender": "test2",
            "timestamp": "2025-01-27T21:41:28"
        },
        {
            "content": "Wiadomość nr 2 od test2 do test1",
            "isRead": true,
            "sender": "test2",
            "timestamp": "2025-01-27T21:41:28"
        },
        {
            "content": "Wiadomość nr 1 od test2 do test1",
            "isRead": true,
            "sender": "test2",
            "timestamp": "2025-01-27T21:41:28"
        },
        {
            "content": "Wiadomość nr 50 od test1 do test2",
            "isRead": false,
            "sender": "test1",
            "timestamp": "2025-01-27T21:41:28"
        },
        {
            "content": "Wiadomość nr 49 od test1 do test2",
            "isRead": false,
            "sender": "test1",
            "timestamp": "2025-01-27T21:41:28"
        },
        {
            "content": "Wiadomość nr 48 od test1 do test2",
            "isRead": false,
            "sender": "test1",
            "timestamp": "2025-01-27T21:41:28"
        },
        {
            "content": "Wiadomość nr 47 od test1 do test2",
            "isRead": false,
            "sender": "test1",
            "timestamp": "2025-01-27T21:41:28"
        },
        {
            "content": "Wiadomość nr 46 od test1 do test2",
            "isRead": false,
            "sender": "test1",
            "timestamp": "2025-01-27T21:41:28"
        },
        {
            "content": "Wiadomość nr 45 od test1 do test2",
            "isRead": false,
            "sender": "test1",
            "timestamp": "2025-01-27T21:41:28"
        },
        {
            "content": "Wiadomość nr 44 od test1 do test2",
            "isRead": false,
            "sender": "test1",
            "timestamp": "2025-01-27T21:41:28"
        },
        {
            "content": "Wiadomość nr 43 od test1 do test2",
            "isRead": false,
            "sender": "test1",
            "timestamp": "2025-01-27T21:41:28"
        },
        {
            "content": "Wiadomość nr 42 od test1 do test2",
            "isRead": false,
            "sender": "test1",
            "timestamp": "2025-01-27T21:41:28"
        },
        {
            "content": "Wiadomość nr 41 od test1 do test2",
            "isRead": false,
            "sender": "test1",
            "timestamp": "2025-01-27T21:41:28"
        }
    ],
    "offset": 40,
    "type": "more_history_response"
}
[2025-01-27 21:45:03.842] [DEBUG] Processing message type: more_history_response
[2025-01-27 21:45:03.842] [WARNING] Received unknown message type: more_history_response
[2025-01-27 21:45:03.842] [INFO] ChatWindow::onMessageReceived - Received message type: more_history_response
[2025-01-27 21:45:03.848] [INFO] Sending message: {"friend_id":2,"offset":60,"type":"get_more_history"}

[2025-01-27 21:45:03.850] [INFO] Processing JSON: {
    "has_more": true,
    "messages": [
        {
            "content": "Wiadomość nr 40 od test1 do test2",
            "isRead": false,
            "sender": "test1",
            "timestamp": "2025-01-27T21:41:28"
        },
        {
            "content": "Wiadomość nr 39 od test1 do test2",
            "isRead": false,
            "sender": "test1",
            "timestamp": "2025-01-27T21:41:28"
        },
        {
            "content": "Wiadomość nr 38 od test1 do test2",
            "isRead": false,
            "sender": "test1",
            "timestamp": "2025-01-27T21:41:28"
        },
        {
            "content": "Wiadomość nr 37 od test1 do test2",
            "isRead": false,
            "sender": "test1",
            "timestamp": "2025-01-27T21:41:28"
        },
        {
            "content": "Wiadomość nr 36 od test1 do test2",
            "isRead": false,
            "sender": "test1",
            "timestamp": "2025-01-27T21:41:28"
        },
        {
            "content": "Wiadomość nr 35 od test1 do test2",
            "isRead": false,
            "sender": "test1",
            "timestamp": "2025-01-27T21:41:28"
        },
        {
            "content": "Wiadomość nr 34 od test1 do test2",
            "isRead": false,
            "sender": "test1",
            "timestamp": "2025-01-27T21:41:28"
        },
        {
            "content": "Wiadomość nr 33 od test1 do test2",
            "isRead": false,
            "sender": "test1",
            "timestamp": "2025-01-27T21:41:28"
        },
        {
            "content": "Wiadomość nr 32 od test1 do test2",
            "isRead": false,
            "sender": "test1",
            "timestamp": "2025-01-27T21:41:28"
        },
        {
            "content": "Wiadomość nr 31 od test1 do test2",
            "isRead": false,
            "sender": "test1",
            "timestamp": "2025-01-27T21:41:28"
        },
        {
            "content": "Wiadomość nr 30 od test1 do test2",
            "isRead": false,
            "sender": "test1",
            "timestamp": "2025-01-27T21:41:28"
        },
        {
            "content": "Wiadomość nr 29 od test1 do test2",
            "isRead": false,
            "sender": "test1",
            "timestamp": "2025-01-27T21:41:28"
        },
        {
            "content": "Wiadomość nr 28 od test1 do test2",
            "isRead": false,
            "sender": "test1",
            "timestamp": "2025-01-27T21:41:28"
        },
        {
            "content": "Wiadomość nr 27 od test1 do test2",
            "isRead": false,
            "sender": "test1",
            "timestamp": "2025-01-27T21:41:28"
        },
        {
            "content": "Wiadomość nr 26 od test1 do test2",
            "isRead": false,
            "sender": "test1",
            "timestamp": "2025-01-27T21:41:28"
        },
        {
            "content": "Wiadomość nr 25 od test1 do test2",
            "isRead": false,
            "sender": "test1",
            "timestamp": "2025-01-27T21:41:28"
        },
        {
            "content": "Wiadomość nr 24 od test1 do test2",
            "isRead": false,
            "sender": "test1",
            "timestamp": "2025-01-27T21:41:28"
        },
        {
            "content": "Wiadomość nr 23 od test1 do test2",
            "isRead": false,
            "sender": "test1",
            "timestamp": "2025-01-27T21:41:28"
        },
        {
            "content": "Wiadomość nr 22 od test1 do test2",
            "isRead": false,
            "sender": "test1",
            "timestamp": "2025-01-27T21:41:28"
        },
        {
            "content": "Wiadomość nr 21 od test1 do test2",
            "isRead": false,
            "sender": "test1",
            "timestamp": "2025-01-27T21:41:28"
        }
    ],
    "offset": 60,
    "type": "more_history_response"
}
[2025-01-27 21:45:03.850] [DEBUG] Processing message type: more_history_response
[2025-01-27 21:45:03.850] [WARNING] Received unknown message type: more_history_response
[2025-01-27 21:45:03.850] [INFO] ChatWindow::onMessageReceived - Received message type: more_history_response
[2025-01-27 21:45:03.855] [INFO] Sending message: {"friend_id":2,"offset":80,"type":"get_more_history"}

[2025-01-27 21:45:03.857] [INFO] Processing JSON: {
    "has_more": false,
    "messages": [
        {
            "content": "Wiadomość nr 20 od test1 do test2",
            "isRead": false,
            "sender": "test1",
            "timestamp": "2025-01-27T21:41:28"
        },
        {
            "content": "Wiadomość nr 19 od test1 do test2",
            "isRead": false,
            "sender": "test1",
            "timestamp": "2025-01-27T21:41:28"
        },
        {
            "content": "Wiadomość nr 18 od test1 do test2",
            "isRead": false,
            "sender": "test1",
            "timestamp": "2025-01-27T21:41:28"
        },
        {
            "content": "Wiadomość nr 17 od test1 do test2",
            "isRead": false,
            "sender": "test1",
            "timestamp": "2025-01-27T21:41:28"
        },
        {
            "content": "Wiadomość nr 16 od test1 do test2",
            "isRead": false,
            "sender": "test1",
            "timestamp": "2025-01-27T21:41:28"
        },
        {
            "content": "Wiadomość nr 15 od test1 do test2",
            "isRead": false,
            "sender": "test1",
            "timestamp": "2025-01-27T21:41:28"
        },
        {
            "content": "Wiadomość nr 14 od test1 do test2",
            "isRead": false,
            "sender": "test1",
            "timestamp": "2025-01-27T21:41:28"
        },
        {
            "content": "Wiadomość nr 13 od test1 do test2",
            "isRead": false,
            "sender": "test1",
            "timestamp": "2025-01-27T21:41:28"
        },
        {
            "content": "Wiadomość nr 12 od test1 do test2",
            "isRead": false,
            "sender": "test1",
            "timestamp": "2025-01-27T21:41:28"
        },
        {
            "content": "Wiadomość nr 11 od test1 do test2",
            "isRead": false,
            "sender": "test1",
            "timestamp": "2025-01-27T21:41:28"
        },
        {
            "content": "Wiadomość nr 10 od test1 do test2",
            "isRead": false,
            "sender": "test1",
            "timestamp": "2025-01-27T21:41:28"
        },
        {
            "content": "Wiadomość nr 9 od test1 do test2",
            "isRead": false,
            "sender": "test1",
            "timestamp": "2025-01-27T21:41:28"
        },
        {
            "content": "Wiadomość nr 8 od test1 do test2",
            "isRead": false,
            "sender": "test1",
            "timestamp": "2025-01-27T21:41:28"
        },
        {
            "content": "Wiadomość nr 7 od test1 do test2",
            "isRead": false,
            "sender": "test1",
            "timestamp": "2025-01-27T21:41:28"
        },
        {
            "content": "Wiadomość nr 6 od test1 do test2",
            "isRead": false,
            "sender": "test1",
            "timestamp": "2025-01-27T21:41:28"
        },
        {
            "content": "Wiadomość nr 5 od test1 do test2",
            "isRead": false,
            "sender": "test1",
            "timestamp": "2025-01-27T21:41:28"
        },
        {
            "content": "Wiadomość nr 4 od test1 do test2",
            "isRead": false,
            "sender": "test1",
            "timestamp": "2025-01-27T21:41:28"
        },
        {
            "content": "Wiadomość nr 3 od test1 do test2",
            "isRead": false,
            "sender": "test1",
            "timestamp": "2025-01-27T21:41:28"
        },
        {
            "content": "Wiadomość nr 2 od test1 do test2",
            "isRead": false,
            "sender": "test1",
            "timestamp": "2025-01-27T21:41:28"
        },
        {
            "content": "Wiadomość nr 1 od test1 do test2",
            "isRead": false,
            "sender": "test1",
            "timestamp": "2025-01-27T21:41:28"
        }
    ],
    "offset": 80,
    "type": "more_history_response"
}
[2025-01-27 21:45:03.857] [DEBUG] Processing message type: more_history_response
[2025-01-27 21:45:03.857] [WARNING] Received unknown message type: more_history_response
[2025-01-27 21:45:03.857] [INFO] ChatWindow::onMessageReceived - Received message type: more_history_response
[2025-01-27 21:45:08.274] [INFO] Processing JSON: {
    "timestamp": 1738010708274,
    "type": "ping"
}
[2025-01-27 21:45:08.274] [DEBUG] Processing message type: ping
[2025-01-27 21:45:08.274] [INFO] Received PING (timestamp: 1738010708274)
[2025-01-27 21:45:08.274] [INFO] Sending message: {"timestamp":1738010708274,"type":"pong"}

[2025-01-27 21:45:08.275] [INFO] Sent PONG (timestamp: 1738010708274)
[2025-01-27 21:45:14.145] [INFO] Sending message: {"friend_id":3,"limit":20,"type":"get_latest_messages"}

[2025-01-27 21:45:14.145] [INFO] Sending message: {"friendId":3,"timestamp":1738010714145,"type":"message_read"}

[2025-01-27 21:45:14.148] [INFO] Sending message: {"friendId":3,"timestamp":1738010714148,"type":"message_read"}

[2025-01-27 21:45:14.148] [INFO] Sent read notification for messages from friend ID: 3
[2025-01-27 21:45:14.154] [INFO] Processing JSON: {
    "has_more": true,
    "messages": [
        {
            "content": "Wiadomość nr 31 od test3 do test1",
            "isRead": false,
            "sender": "test3",
            "timestamp": "2025-01-27T21:41:28"
        },
        {
            "content": "Wiadomość nr 32 od test3 do test1",
            "isRead": false,
            "sender": "test3",
            "timestamp": "2025-01-27T21:41:28"
        },
        {
            "content": "Wiadomość nr 33 od test3 do test1",
            "isRead": false,
            "sender": "test3",
            "timestamp": "2025-01-27T21:41:28"
        },
        {
            "content": "Wiadomość nr 34 od test3 do test1",
            "isRead": false,
            "sender": "test3",
            "timestamp": "2025-01-27T21:41:28"
        },
        {
            "content": "Wiadomość nr 35 od test3 do test1",
            "isRead": false,
            "sender": "test3",
            "timestamp": "2025-01-27T21:41:28"
        },
        {
            "content": "Wiadomość nr 36 od test3 do test1",
            "isRead": false,
            "sender": "test3",
            "timestamp": "2025-01-27T21:41:28"
        },
        {
            "content": "Wiadomość nr 37 od test3 do test1",
            "isRead": false,
            "sender": "test3",
            "timestamp": "2025-01-27T21:41:28"
        },
        {
            "content": "Wiadomość nr 38 od test3 do test1",
            "isRead": false,
            "sender": "test3",
            "timestamp": "2025-01-27T21:41:28"
        },
        {
            "content": "Wiadomość nr 39 od test3 do test1",
            "isRead": false,
            "sender": "test3",
            "timestamp": "2025-01-27T21:41:28"
        },
        {
            "content": "Wiadomość nr 40 od test3 do test1",
            "isRead": false,
            "sender": "test3",
            "timestamp": "2025-01-27T21:41:28"
        },
        {
            "content": "Wiadomość nr 41 od test3 do test1",
            "isRead": false,
            "sender": "test3",
            "timestamp": "2025-01-27T21:41:28"
        },
        {
            "content": "Wiadomość nr 42 od test3 do test1",
            "isRead": false,
            "sender": "test3",
            "timestamp": "2025-01-27T21:41:28"
        },
        {
            "content": "Wiadomość nr 43 od test3 do test1",
            "isRead": false,
            "sender": "test3",
            "timestamp": "2025-01-27T21:41:28"
        },
        {
            "content": "Wiadomość nr 44 od test3 do test1",
            "isRead": false,
            "sender": "test3",
            "timestamp": "2025-01-27T21:41:28"
        },
        {
            "content": "Wiadomość nr 45 od test3 do test1",
            "isRead": false,
            "sender": "test3",
            "timestamp": "2025-01-27T21:41:28"
        },
        {
            "content": "Wiadomość nr 46 od test3 do test1",
            "isRead": false,
            "sender": "test3",
            "timestamp": "2025-01-27T21:41:28"
        },
        {
            "content": "Wiadomość nr 47 od test3 do test1",
            "isRead": false,
            "sender": "test3",
            "timestamp": "2025-01-27T21:41:28"
        },
        {
            "content": "Wiadomość nr 48 od test3 do test1",
            "isRead": false,
            "sender": "test3",
            "timestamp": "2025-01-27T21:41:28"
        },
        {
            "content": "Wiadomość nr 49 od test3 do test1",
            "isRead": false,
            "sender": "test3",
            "timestamp": "2025-01-27T21:41:28"
        },
        {
            "content": "Wiadomość nr 50 od test3 do test1",
            "isRead": false,
            "sender": "test3",
            "timestamp": "2025-01-27T21:41:28"
        }
    ],
    "offset": 20,
    "type": "latest_messages_response"
}
[2025-01-27 21:45:14.155] [DEBUG] Processing message type: latest_messages_response
[2025-01-27 21:45:14.155] [WARNING] Received unknown message type: latest_messages_response
[2025-01-27 21:45:14.155] [INFO] ChatWindow::onMessageReceived - Received message type: latest_messages_response
[2025-01-27 21:45:14.157] [INFO] ChatWindow::onMessageReceived - Received message type: latest_messages_response
[2025-01-27 21:45:14.161] [INFO] Processing JSON: {
    "status": "success",
    "timestamp": 1738010714149,
    "type": "message_read_response"
}
[2025-01-27 21:45:14.161] [DEBUG] Processing message type: message_read_response
[2025-01-27 21:45:14.161] [WARNING] Received unknown message type: message_read_response
[2025-01-27 21:45:14.161] [INFO] ChatWindow::onMessageReceived - Received message type: message_read_response
[2025-01-27 21:45:14.161] [INFO] ChatWindow::onMessageReceived - Received message type: message_read_response
[2025-01-27 21:45:14.161] [INFO] Processing JSON: {
    "status": "success",
    "timestamp": 1738010714151,
    "type": "message_read_response"
}
[2025-01-27 21:45:14.161] [DEBUG] Processing message type: message_read_response
[2025-01-27 21:45:14.161] [WARNING] Received unknown message type: message_read_response
[2025-01-27 21:45:14.161] [INFO] ChatWindow::onMessageReceived - Received message type: message_read_response
[2025-01-27 21:45:14.161] [INFO] ChatWindow::onMessageReceived - Received message type: message_read_response
[2025-01-27 21:45:15.789] [INFO] Sending message: {"friend_id":3,"offset":20,"type":"get_more_history"}

[2025-01-27 21:45:15.791] [INFO] Processing JSON: {
    "has_more": true,
    "messages": [
        {
            "content": "Wiadomość nr 30 od test3 do test1",
            "isRead": true,
            "sender": "test3",
            "timestamp": "2025-01-27T21:41:28"
        },
        {
            "content": "Wiadomość nr 29 od test3 do test1",
            "isRead": true,
            "sender": "test3",
            "timestamp": "2025-01-27T21:41:28"
        },
        {
            "content": "Wiadomość nr 28 od test3 do test1",
            "isRead": true,
            "sender": "test3",
            "timestamp": "2025-01-27T21:41:28"
        },
        {
            "content": "Wiadomość nr 27 od test3 do test1",
            "isRead": true,
            "sender": "test3",
            "timestamp": "2025-01-27T21:41:28"
        },
        {
            "content": "Wiadomość nr 26 od test3 do test1",
            "isRead": true,
            "sender": "test3",
            "timestamp": "2025-01-27T21:41:28"
        },
        {
            "content": "Wiadomość nr 25 od test3 do test1",
            "isRead": true,
            "sender": "test3",
            "timestamp": "2025-01-27T21:41:28"
        },
        {
            "content": "Wiadomość nr 24 od test3 do test1",
            "isRead": true,
            "sender": "test3",
            "timestamp": "2025-01-27T21:41:28"
        },
        {
            "content": "Wiadomość nr 23 od test3 do test1",
            "isRead": true,
            "sender": "test3",
            "timestamp": "2025-01-27T21:41:28"
        },
        {
            "content": "Wiadomość nr 22 od test3 do test1",
            "isRead": true,
            "sender": "test3",
            "timestamp": "2025-01-27T21:41:28"
        },
        {
            "content": "Wiadomość nr 21 od test3 do test1",
            "isRead": true,
            "sender": "test3",
            "timestamp": "2025-01-27T21:41:28"
        },
        {
            "content": "Wiadomość nr 20 od test3 do test1",
            "isRead": true,
            "sender": "test3",
            "timestamp": "2025-01-27T21:41:28"
        },
        {
            "content": "Wiadomość nr 19 od test3 do test1",
            "isRead": true,
            "sender": "test3",
            "timestamp": "2025-01-27T21:41:28"
        },
        {
            "content": "Wiadomość nr 18 od test3 do test1",
            "isRead": true,
            "sender": "test3",
            "timestamp": "2025-01-27T21:41:28"
        },
        {
            "content": "Wiadomość nr 17 od test3 do test1",
            "isRead": true,
            "sender": "test3",
            "timestamp": "2025-01-27T21:41:28"
        },
        {
            "content": "Wiadomość nr 16 od test3 do test1",
            "isRead": true,
            "sender": "test3",
            "timestamp": "2025-01-27T21:41:28"
        },
        {
            "content": "Wiadomość nr 15 od test3 do test1",
            "isRead": true,
            "sender": "test3",
            "timestamp": "2025-01-27T21:41:28"
        },
        {
            "content": "Wiadomość nr 14 od test3 do test1",
            "isRead": true,
            "sender": "test3",
            "timestamp": "2025-01-27T21:41:28"
        },
        {
            "content": "Wiadomość nr 13 od test3 do test1",
            "isRead": true,
            "sender": "test3",
            "timestamp": "2025-01-27T21:41:28"
        },
        {
            "content": "Wiadomość nr 12 od test3 do test1",
            "isRead": true,
            "sender": "test3",
            "timestamp": "2025-01-27T21:41:28"
        },
        {
            "content": "Wiadomość nr 11 od test3 do test1",
            "isRead": true,
            "sender": "test3",
            "timestamp": "2025-01-27T21:41:28"
        }
    ],
    "offset": 20,
    "type": "more_history_response"
}
[2025-01-27 21:45:15.791] [DEBUG] Processing message type: more_history_response
[2025-01-27 21:45:15.791] [WARNING] Received unknown message type: more_history_response
[2025-01-27 21:45:15.791] [INFO] ChatWindow::onMessageReceived - Received message type: more_history_response
[2025-01-27 21:45:15.793] [INFO] ChatWindow::onMessageReceived - Received message type: more_history_response
[2025-01-27 21:45:15.797] [INFO] Sending message: {"friend_id":3,"offset":40,"type":"get_more_history"}

[2025-01-27 21:45:15.798] [INFO] Processing JSON: {
    "has_more": true,
    "messages": [
        {
            "content": "Wiadomość nr 10 od test3 do test1",
            "isRead": true,
            "sender": "test3",
            "timestamp": "2025-01-27T21:41:28"
        },
        {
            "content": "Wiadomość nr 9 od test3 do test1",
            "isRead": true,
            "sender": "test3",
            "timestamp": "2025-01-27T21:41:28"
        },
        {
            "content": "Wiadomość nr 8 od test3 do test1",
            "isRead": true,
            "sender": "test3",
            "timestamp": "2025-01-27T21:41:28"
        },
        {
            "content": "Wiadomość nr 7 od test3 do test1",
            "isRead": true,
            "sender": "test3",
            "timestamp": "2025-01-27T21:41:28"
        },
        {
            "content": "Wiadomość nr 6 od test3 do test1",
            "isRead": true,
            "sender": "test3",
            "timestamp": "2025-01-27T21:41:28"
        },
        {
            "content": "Wiadomość nr 5 od test3 do test1",
            "isRead": true,
            "sender": "test3",
            "timestamp": "2025-01-27T21:41:28"
        },
        {
            "content": "Wiadomość nr 4 od test3 do test1",
            "isRead": true,
            "sender": "test3",
            "timestamp": "2025-01-27T21:41:28"
        },
        {
            "content": "Wiadomość nr 3 od test3 do test1",
            "isRead": true,
            "sender": "test3",
            "timestamp": "2025-01-27T21:41:28"
        },
        {
            "content": "Wiadomość nr 2 od test3 do test1",
            "isRead": true,
            "sender": "test3",
            "timestamp": "2025-01-27T21:41:28"
        },
        {
            "content": "Wiadomość nr 1 od test3 do test1",
            "isRead": true,
            "sender": "test3",
            "timestamp": "2025-01-27T21:41:28"
        },
        {
            "content": "Wiadomość nr 50 od test1 do test3",
            "isRead": false,
            "sender": "test1",
            "timestamp": "2025-01-27T21:41:28"
        },
        {
            "content": "Wiadomość nr 49 od test1 do test3",
            "isRead": false,
            "sender": "test1",
            "timestamp": "2025-01-27T21:41:28"
        },
        {
            "content": "Wiadomość nr 48 od test1 do test3",
            "isRead": false,
            "sender": "test1",
            "timestamp": "2025-01-27T21:41:28"
        },
        {
            "content": "Wiadomość nr 47 od test1 do test3",
            "isRead": false,
            "sender": "test1",
            "timestamp": "2025-01-27T21:41:28"
        },
        {
            "content": "Wiadomość nr 46 od test1 do test3",
            "isRead": false,
            "sender": "test1",
            "timestamp": "2025-01-27T21:41:28"
        },
        {
            "content": "Wiadomość nr 45 od test1 do test3",
            "isRead": false,
            "sender": "test1",
            "timestamp": "2025-01-27T21:41:28"
        },
        {
            "content": "Wiadomość nr 44 od test1 do test3",
            "isRead": false,
            "sender": "test1",
            "timestamp": "2025-01-27T21:41:28"
        },
        {
            "content": "Wiadomość nr 43 od test1 do test3",
            "isRead": false,
            "sender": "test1",
            "timestamp": "2025-01-27T21:41:28"
        },
        {
            "content": "Wiadomość nr 42 od test1 do test3",
            "isRead": false,
            "sender": "test1",
            "timestamp": "2025-01-27T21:41:28"
        },
        {
            "content": "Wiadomość nr 41 od test1 do test3",
            "isRead": false,
            "sender": "test1",
            "timestamp": "2025-01-27T21:41:28"
        }
    ],
    "offset": 40,
    "type": "more_history_response"
}
[2025-01-27 21:45:15.799] [DEBUG] Processing message type: more_history_response
[2025-01-27 21:45:15.799] [WARNING] Received unknown message type: more_history_response
[2025-01-27 21:45:15.799] [INFO] ChatWindow::onMessageReceived - Received message type: more_history_response
[2025-01-27 21:45:15.801] [INFO] ChatWindow::onMessageReceived - Received message type: more_history_response
[2025-01-27 21:45:15.804] [INFO] Sending message: {"friend_id":3,"offset":60,"type":"get_more_history"}

[2025-01-27 21:45:15.806] [INFO] Processing JSON: {
    "has_more": true,
    "messages": [
        {
            "content": "Wiadomość nr 40 od test1 do test3",
            "isRead": false,
            "sender": "test1",
            "timestamp": "2025-01-27T21:41:28"
        },
        {
            "content": "Wiadomość nr 39 od test1 do test3",
            "isRead": false,
            "sender": "test1",
            "timestamp": "2025-01-27T21:41:28"
        },
        {
            "content": "Wiadomość nr 38 od test1 do test3",
            "isRead": false,
            "sender": "test1",
            "timestamp": "2025-01-27T21:41:28"
        },
        {
            "content": "Wiadomość nr 37 od test1 do test3",
            "isRead": false,
            "sender": "test1",
            "timestamp": "2025-01-27T21:41:28"
        },
        {
            "content": "Wiadomość nr 36 od test1 do test3",
            "isRead": false,
            "sender": "test1",
            "timestamp": "2025-01-27T21:41:28"
        },
        {
            "content": "Wiadomość nr 35 od test1 do test3",
            "isRead": false,
            "sender": "test1",
            "timestamp": "2025-01-27T21:41:28"
        },
        {
            "content": "Wiadomość nr 34 od test1 do test3",
            "isRead": false,
            "sender": "test1",
            "timestamp": "2025-01-27T21:41:28"
        },
        {
            "content": "Wiadomość nr 33 od test1 do test3",
            "isRead": false,
            "sender": "test1",
            "timestamp": "2025-01-27T21:41:28"
        },
        {
            "content": "Wiadomość nr 32 od test1 do test3",
            "isRead": false,
            "sender": "test1",
            "timestamp": "2025-01-27T21:41:28"
        },
        {
            "content": "Wiadomość nr 31 od test1 do test3",
            "isRead": false,
            "sender": "test1",
            "timestamp": "2025-01-27T21:41:28"
        },
        {
            "content": "Wiadomość nr 30 od test1 do test3",
            "isRead": false,
            "sender": "test1",
            "timestamp": "2025-01-27T21:41:28"
        },
        {
            "content": "Wiadomość nr 29 od test1 do test3",
            "isRead": false,
            "sender": "test1",
            "timestamp": "2025-01-27T21:41:28"
        },
        {
            "content": "Wiadomość nr 28 od test1 do test3",
            "isRead": false,
            "sender": "test1",
            "timestamp": "2025-01-27T21:41:28"
        },
        {
            "content": "Wiadomość nr 27 od test1 do test3",
            "isRead": false,
            "sender": "test1",
            "timestamp": "2025-01-27T21:41:28"
        },
        {
            "content": "Wiadomość nr 26 od test1 do test3",
            "isRead": false,
            "sender": "test1",
            "timestamp": "2025-01-27T21:41:28"
        },
        {
            "content": "Wiadomość nr 25 od test1 do test3",
            "isRead": false,
            "sender": "test1",
            "timestamp": "2025-01-27T21:41:28"
        },
        {
            "content": "Wiadomość nr 24 od test1 do test3",
            "isRead": false,
            "sender": "test1",
            "timestamp": "2025-01-27T21:41:28"
        },
        {
            "content": "Wiadomość nr 23 od test1 do test3",
            "isRead": false,
            "sender": "test1",
            "timestamp": "2025-01-27T21:41:28"
        },
        {
            "content": "Wiadomość nr 22 od test1 do test3",
            "isRead": false,
            "sender": "test1",
            "timestamp": "2025-01-27T21:41:28"
        },
        {
            "content": "Wiadomość nr 21 od test1 do test3",
            "isRead": false,
            "sender": "test1",
            "timestamp": "2025-01-27T21:41:28"
        }
    ],
    "offset": 60,
    "type": "more_history_response"
}
[2025-01-27 21:45:15.806] [DEBUG] Processing message type: more_history_response
[2025-01-27 21:45:15.806] [WARNING] Received unknown message type: more_history_response
[2025-01-27 21:45:15.806] [INFO] ChatWindow::onMessageReceived - Received message type: more_history_response
[2025-01-27 21:45:15.808] [INFO] ChatWindow::onMessageReceived - Received message type: more_history_response
[2025-01-27 21:45:15.812] [INFO] Sending message: {"friend_id":3,"offset":80,"type":"get_more_history"}

[2025-01-27 21:45:15.821] [INFO] Processing JSON: {
    "has_more": false,
    "messages": [
        {
            "content": "Wiadomość nr 20 od test1 do test3",
            "isRead": false,
            "sender": "test1",
            "timestamp": "2025-01-27T21:41:28"
        },
        {
            "content": "Wiadomość nr 19 od test1 do test3",
            "isRead": false,
            "sender": "test1",
            "timestamp": "2025-01-27T21:41:28"
        },
        {
            "content": "Wiadomość nr 18 od test1 do test3",
            "isRead": false,
            "sender": "test1",
            "timestamp": "2025-01-27T21:41:28"
        },
        {
            "content": "Wiadomość nr 17 od test1 do test3",
            "isRead": false,
            "sender": "test1",
            "timestamp": "2025-01-27T21:41:28"
        },
        {
            "content": "Wiadomość nr 16 od test1 do test3",
            "isRead": false,
            "sender": "test1",
            "timestamp": "2025-01-27T21:41:28"
        },
        {
            "content": "Wiadomość nr 15 od test1 do test3",
            "isRead": false,
            "sender": "test1",
            "timestamp": "2025-01-27T21:41:28"
        },
        {
            "content": "Wiadomość nr 14 od test1 do test3",
            "isRead": false,
            "sender": "test1",
            "timestamp": "2025-01-27T21:41:28"
        },
        {
            "content": "Wiadomość nr 13 od test1 do test3",
            "isRead": false,
            "sender": "test1",
            "timestamp": "2025-01-27T21:41:28"
        },
        {
            "content": "Wiadomość nr 12 od test1 do test3",
            "isRead": false,
            "sender": "test1",
            "timestamp": "2025-01-27T21:41:28"
        },
        {
            "content": "Wiadomość nr 11 od test1 do test3",
            "isRead": false,
            "sender": "test1",
            "timestamp": "2025-01-27T21:41:28"
        },
        {
            "content": "Wiadomość nr 10 od test1 do test3",
            "isRead": false,
            "sender": "test1",
            "timestamp": "2025-01-27T21:41:28"
        },
        {
            "content": "Wiadomość nr 9 od test1 do test3",
            "isRead": false,
            "sender": "test1",
            "timestamp": "2025-01-27T21:41:28"
        },
        {
            "content": "Wiadomość nr 8 od test1 do test3",
            "isRead": false,
            "sender": "test1",
            "timestamp": "2025-01-27T21:41:28"
        },
        {
            "content": "Wiadomość nr 7 od test1 do test3",
            "isRead": false,
            "sender": "test1",
            "timestamp": "2025-01-27T21:41:28"
        },
        {
            "content": "Wiadomość nr 6 od test1 do test3",
            "isRead": false,
            "sender": "test1",
            "timestamp": "2025-01-27T21:41:28"
        },
        {
            "content": "Wiadomość nr 5 od test1 do test3",
            "isRead": false,
            "sender": "test1",
            "timestamp": "2025-01-27T21:41:28"
        },
        {
            "content": "Wiadomość nr 4 od test1 do test3",
            "isRead": false,
            "sender": "test1",
            "timestamp": "2025-01-27T21:41:28"
        },
        {
            "content": "Wiadomość nr 3 od test1 do test3",
            "isRead": false,
            "sender": "test1",
            "timestamp": "2025-01-27T21:41:28"
        },
        {
            "content": "Wiadomość nr 2 od test1 do test3",
            "isRead": false,
            "sender": "test1",
            "timestamp": "2025-01-27T21:41:28"
        },
        {
            "content": "Wiadomość nr 1 od test1 do test3",
            "isRead": false,
            "sender": "test1",
            "timestamp": "2025-01-27T21:41:28"
        }
    ],
    "offset": 80,
    "type": "more_history_response"
}
[2025-01-27 21:45:15.821] [DEBUG] Processing message type: more_history_response
[2025-01-27 21:45:15.821] [WARNING] Received unknown message type: more_history_response
[2025-01-27 21:45:15.821] [INFO] ChatWindow::onMessageReceived - Received message type: more_history_response
[2025-01-27 21:45:15.823] [INFO] ChatWindow::onMessageReceived - Received message type: more_history_response
[2025-01-27 21:45:16.195] [INFO] Processing JSON: {
    "friends": [
        {
            "id": 2,
            "status": "online",
            "username": "test2"
        },
        {
            "id": 3,
            "status": "offline",
            "username": "test3"
        }
    ],
    "timestamp": 1738010716195,
    "type": "friends_status_update"
}
[2025-01-27 21:45:16.195] [DEBUG] Processing message type: friends_status_update
[2025-01-27 21:45:16.195] [DEBUG] Message type friends_status_update will be handled by appropriate dialog
[2025-01-27 21:45:16.195] [INFO] Updating friends list with 2 friends
[2025-01-27 21:45:16.196] [INFO] ChatWindow::onMessageReceived - Received message type: friends_status_update
[2025-01-27 21:45:16.196] [INFO] ChatWindow::onMessageReceived - Received message type: friends_status_update
[2025-01-27 21:45:18.273] [INFO] Processing JSON: {
    "timestamp": 1738010718272,
    "type": "ping"
}
[2025-01-27 21:45:18.273] [DEBUG] Processing message type: ping
[2025-01-27 21:45:18.273] [INFO] Received PING (timestamp: 1738010718272)
[2025-01-27 21:45:18.273] [INFO] Sending message: {"timestamp":1738010718272,"type":"pong"}

[2025-01-27 21:45:18.273] [INFO] Sent PONG (timestamp: 1738010718272)
[2025-01-27 21:45:20.588] [INFO] Sending message: {"timestamp":1738010720588,"type":"logout"}

[2025-01-27 21:45:20.589] [INFO] MainWindow destroyed
[2025-01-27 21:45:20.589] [INFO] Application shutting down
